app/build/outputs/mapping/release/seeds.txt
com.codegg.fba.R$anim: int abc_fade_in
com.codegg.fba.R$anim: int abc_fade_out
com.codegg.fba.R$anim: int abc_grow_fade_in_from_bottom
com.codegg.fba.R$anim: int abc_popup_enter
com.codegg.fba.R$anim: int abc_popup_exit
com.codegg.fba.R$anim: int abc_shrink_fade_out_from_bottom
com.codegg.fba.R$anim: int abc_slide_in_bottom
com.codegg.fba.R$anim: int abc_slide_in_top
com.codegg.fba.R$anim: int abc_slide_out_bottom
com.codegg.fba.R$anim: int abc_slide_out_top
com.codegg.fba.R$array: int controllerarray
com.codegg.fba.R$array: int country
com.codegg.fba.R$array: int effect
com.codegg.fba.R$array: int samplerate
com.codegg.fba.R$array: int scale
com.codegg.fba.R$array: int system
com.codegg.fba.R$attr: int actionBarDivider
com.codegg.fba.R$attr: int actionBarItemBackground
com.codegg.fba.R$attr: int actionBarPopupTheme
com.codegg.fba.R$attr: int actionBarSize
com.codegg.fba.R$attr: int actionBarSplitStyle
com.codegg.fba.R$attr: int actionBarStyle
com.codegg.fba.R$attr: int actionBarTabBarStyle
com.codegg.fba.R$attr: int actionBarTabStyle
com.codegg.fba.R$attr: int actionBarTabTextStyle
com.codegg.fba.R$attr: int actionBarTheme
com.codegg.fba.R$attr: int actionBarWidgetTheme
com.codegg.fba.R$attr: int actionButtonStyle
com.codegg.fba.R$attr: int actionDropDownStyle
com.codegg.fba.R$attr: int actionLayout
com.codegg.fba.R$attr: int actionMenuTextAppearance
com.codegg.fba.R$attr: int actionMenuTextColor
com.codegg.fba.R$attr: int actionModeBackground
com.codegg.fba.R$attr: int actionModeCloseButtonStyle
com.codegg.fba.R$attr: int actionModeCloseDrawable
com.codegg.fba.R$attr: int actionModeCopyDrawable
com.codegg.fba.R$attr: int actionModeCutDrawable
com.codegg.fba.R$attr: int actionModeFindDrawable
com.codegg.fba.R$attr: int actionModePasteDrawable
com.codegg.fba.R$attr: int actionModePopupWindowStyle
com.codegg.fba.R$attr: int actionModeSelectAllDrawable
com.codegg.fba.R$attr: int actionModeShareDrawable
com.codegg.fba.R$attr: int actionModeSplitBackground
com.codegg.fba.R$attr: int actionModeStyle
com.codegg.fba.R$attr: int actionModeWebSearchDrawable
com.codegg.fba.R$attr: int actionOverflowButtonStyle
com.codegg.fba.R$bool: int abc_action_bar_embed_tabs
com.codegg.fba.R$bool: int abc_action_bar_embed_tabs_pre_jb
com.codegg.fba.R$bool: int abc_action_bar_expanded_action_views_exclusive
com.codegg.fba.R$bool: int abc_allow_stacked_button_bar
com.codegg.fba.R$bool: int abc_config_actionMenuItemAllCaps
com.codegg.fba.R$bool: int abc_config_allowActionMenuItemTextWithIcon
com.codegg.fba.R$bool: int abc_config_closeDialogWhenTouchOutside
com.codegg.fba.R$bool: int abc_config_showMenuShortcutsWhenKeyboardPresent
...
org.apache.commons.net.pop3.ExtendedPOP3Client$AUTH_METHOD
org.apache.commons.net.pop3.ExtendedPOP3Client$AUTH_METHOD: org.apache.commons.net.pop3.ExtendedPOP3Client$AUTH_METHOD PLAIN
org.apache.commons.net.pop3.ExtendedPOP3Client$AUTH_METHOD: org.apache.commons.net.pop3.ExtendedPOP3Client$AUTH_METHOD CRAM_MD5
org.apache.commons.net.pop3.ExtendedPOP3Client$AUTH_METHOD: java.lang.String methodName
org.apache.commons.net.pop3.ExtendedPOP3Client$AUTH_METHOD: org.apache.commons.net.pop3.ExtendedPOP3Client$AUTH_METHOD[] $VALUES
org.apache.commons.net.pop3.ExtendedPOP3Client$AUTH_METHOD: org.apache.commons.net.pop3.ExtendedPOP3Client$AUTH_METHOD[] values()
org.apache.commons.net.pop3.ExtendedPOP3Client$AUTH_METHOD: org.apache.commons.net.pop3.ExtendedPOP3Client$AUTH_METHOD valueOf(java.lang.String)
org.apache.commons.net.pop3.ExtendedPOP3Client$AUTH_METHOD: ExtendedPOP3Client$AUTH_METHOD(java.lang.String,int,java.lang.String)
org.apache.commons.net.pop3.ExtendedPOP3Client$AUTH_METHOD: java.lang.String getAuthName()
org.apache.commons.net.pop3.ExtendedPOP3Client$AUTH_METHOD: void <clinit>()
org.apache.commons.net.smtp.AuthenticatingSMTPClient$AUTH_METHOD
org.apache.commons.net.smtp.AuthenticatingSMTPClient$AUTH_METHOD: org.apache.commons.net.smtp.AuthenticatingSMTPClient$AUTH_METHOD PLAIN
org.apache.commons.net.smtp.AuthenticatingSMTPClient$AUTH_METHOD: org.apache.commons.net.smtp.AuthenticatingSMTPClient$AUTH_METHOD CRAM_MD5
org.apache.commons.net.smtp.AuthenticatingSMTPClient$AUTH_METHOD: org.apache.commons.net.smtp.AuthenticatingSMTPClient$AUTH_METHOD LOGIN
org.apache.commons.net.smtp.AuthenticatingSMTPClient$AUTH_METHOD: org.apache.commons.net.smtp.AuthenticatingSMTPClient$AUTH_METHOD[] $VALUES
org.apache.commons.net.smtp.AuthenticatingSMTPClient$AUTH_METHOD: org.apache.commons.net.smtp.AuthenticatingSMTPClient$AUTH_METHOD[] values()
org.apache.commons.net.smtp.AuthenticatingSMTPClient$AUTH_METHOD: org.apache.commons.net.smtp.AuthenticatingSMTPClient$AUTH_METHOD valueOf(java.lang.String)
org.apache.commons.net.smtp.AuthenticatingSMTPClient$AUTH_METHOD: AuthenticatingSMTPClient$AUTH_METHOD(java.lang.String,int)
org.apache.commons.net.smtp.AuthenticatingSMTPClient$AUTH_METHOD: java.lang.String getAuthName(org.apache.commons.net.smtp.AuthenticatingSMTPClient$AUTH_METHOD)
org.apache.commons.net.smtp.AuthenticatingSMTPClient$AUTH_METHOD: void <clinit>()
org.apache.commons.net.smtp.SMTPConnectionClosedException
org.apache.commons.net.smtp.SMTPConnectionClosedException: long serialVersionUID
org.apache.commons.net.smtp.SMTPConnectionClosedException: SMTPConnectionClosedException()
org.apache.commons.net.smtp.SMTPConnectionClosedException: SMTPConnectionClosedException(java.lang.String)
org.apache.commons.net.telnet.InvalidTelnetOptionException
org.apache.commons.net.telnet.InvalidTelnetOptionException: long serialVersionUID
org.apache.commons.net.telnet.InvalidTelnetOptionException: int optionCode
org.apache.commons.net.telnet.InvalidTelnetOptionException: java.lang.String msg
org.apache.commons.net.telnet.InvalidTelnetOptionException: InvalidTelnetOptionException(java.lang.String,int)
org.apache.commons.net.telnet.InvalidTelnetOptionException: java.lang.String getMessage()
org.apache.commons.net.tftp.TFTPPacketException
org.apache.commons.net.tftp.TFTPPacketException: long serialVersionUID
org.apache.commons.net.tftp.TFTPPacketException: TFTPPacketException()
org.apache.commons.net.tftp.TFTPPacketException: TFTPPacketException(java.lang.String)