app/build/outputs/mapping/release/mapping.txt
com.codegg.fba.ArcadeUtility -> com.codegg.fba.a:
    29:78:java.lang.String getRomDescriptionOnline(java.lang.String) -> a
    84:96:android.graphics.Bitmap GetIcon(android.content.Context,com.codegg.fba.objects.RomInfo) -> a
    101:103:android.graphics.Bitmap[] getScreenshots(com.greatlittleapps.utility.FileInfo) -> a
    108:156:boolean unzip(com.greatlittleapps.utility.FileInfo,android.graphics.Bitmap[]) -> a
com.codegg.fba.CompatibilityList -> com.codegg.fba.b:
    java.util.ArrayList list -> a
    java.util.List filter_years -> b
    java.util.List filter_systems -> c
    12:31:void <init>(java.util.ArrayList) -> <init>
    40:40:java.util.ArrayList getList() -> a
    45:52:com.codegg.fba.objects.RomInfo GetRom(java.lang.String) -> a
    57:57:java.util.List getFilterYears() -> b
    61:65:java.lang.CharSequence[] getFilterYearsCharSeq() -> c
    70:70:java.util.List getFilterSystems() -> d
    74:74:java.lang.CharSequence[] getFilterSystemsCharSeq() -> e
com.codegg.fba.activity.romDetailActivity -> com.codegg.fba.activity.romDetailActivity:
    10:10:void <init>() -> <init>
    15:30:void onCreate(android.os.Bundle) -> onCreate
    36:43:boolean onOptionsItemSelected(android.view.MenuItem) -> onOptionsItemSelected
com.codegg.fba.activity.romListActivity -> com.codegg.fba.activity.romListActivity:
    com.codegg.fba.CompatibilityList compatList -> l
    com.greatlittleapps.utility.UtilityMessage message -> m
    com.codegg.fba.preferences.EmuPreferences prefs -> n
    boolean quit -> o
    boolean doubleBackToExitPressedOnce -> p
    boolean mTwoPane -> q
    java.lang.String selectedRomID -> r
    boolean paused -> s
    com.codegg.fba.fragments.romDetailFragment fragment -> t
    com.codegg.fba.fragments.romListFragment romListFragment -> u
    android.widget.Toast toast -> v
    long lastBackPressTime -> w
    boolean toastShowed -> x
    30:45:void <init>() -> <init>
    49:71:void onCreate(android.os.Bundle) -> onCreate
    74:109:void Init(java.lang.String,java.util.ArrayList) -> a
    113:141:void onBackPressed() -> onBackPressed
    145:146:void onDestroy() -> onDestroy
    150:153:void onPause() -> onPause
    157:169:void onResume() -> onResume
    173:179:void onConfigurationChanged(android.content.res.Configuration) -> onConfigurationChanged
    183:199:void onItemSelected(java.lang.String) -> a
    202:210:void fragmentShow(java.lang.String) -> b
    213:216:void fragmentDelete() -> k
    266:286:void exit() -> l
    30:30:com.codegg.fba.fragments.romListFragment access$000(com.codegg.fba.activity.romListActivity) -> a
com.codegg.fba.activity.romListActivity$1 -> com.codegg.fba.activity.a:
    com.codegg.fba.activity.romListActivity this$0 -> a
    132:132:void <init>(com.codegg.fba.activity.romListActivity) -> <init>
    135:139:void run() -> run
com.codegg.fba.activity.romListActivity$5 -> com.codegg.fba.activity.b:
    com.codegg.fba.activity.romListActivity this$0 -> a
    280:280:void <init>(com.codegg.fba.activity.romListActivity) -> <init>
    283:284:void onClick(android.content.DialogInterface,int) -> onClick
com.codegg.fba.activity.romListActivity$6 -> com.codegg.fba.activity.c:
    com.codegg.fba.activity.romListActivity this$0 -> a
    273:273:void <init>(com.codegg.fba.activity.romListActivity) -> <init>
    276:277:void onClick(android.content.DialogInterface,int) -> onClick
com.codegg.fba.effects.Effect -> com.codegg.fba.effects.Effect:
    android.content.Context mCtx -> a
    com.codegg.fba.emulator.utility.EmuPreferences mPrefs -> b
    19:22:void <init>(android.content.Context) -> <init>
    26:29:void <init>(android.content.Context,android.util.AttributeSet) -> <init>
    33:36:void <init>(android.content.Context,android.util.AttributeSet,int) -> <init>
    40:42:void init() -> a
    47:62:void applyEffect(android.widget.RelativeLayout$LayoutParams,com.codegg.fba.effects.EffectList) -> a
...
android.support.v7.app.AlertController$1 -> android.support.v7.app.c:
    android.support.v7.app.AlertController this$0 -> a
    116:116:void <init>(android.support.v7.app.AlertController) -> <init>
    120:137:void onClick(android.view.View) -> onClick
android.support.v7.app.AlertController$2 -> android.support.v7.app.d:
    android.view.View val$top -> a
    android.view.View val$bottom -> b
    android.support.v7.app.AlertController this$0 -> c
    547:547:void <init>(android.support.v7.app.AlertController,android.view.View,android.view.View) -> <init>
    552:553:void onScrollChange(android.support.v4.widget.NestedScrollView,int,int,int,int) -> a
android.support.v7.app.AlertController$3 -> android.support.v7.app.e:
    android.view.View val$top -> a
    android.view.View val$bottom -> b
    android.support.v7.app.AlertController this$0 -> c
    556:556:void <init>(android.support.v7.app.AlertController,android.view.View,android.view.View) -> <init>
    559:560:void run() -> run
android.support.v7.app.AlertController$4 -> android.support.v7.app.f:
    android.view.View val$top -> a
    android.view.View val$bottom -> b
    android.support.v7.app.AlertController this$0 -> c
    564:564:void <init>(android.support.v7.app.AlertController,android.view.View,android.view.View) -> <init>
    566:566:void onScrollStateChanged(android.widget.AbsListView,int) -> onScrollStateChanged
    571:572:void onScroll(android.widget.AbsListView,int,int,int) -> onScroll
android.support.v7.app.AlertController$5 -> android.support.v7.app.g:
    android.view.View val$top -> a
    android.view.View val$bottom -> b
    android.support.v7.app.AlertController this$0 -> c
    575:575:void <init>(android.support.v7.app.AlertController,android.view.View,android.view.View) -> <init>
    578:579:void run() -> run
android.support.v7.app.AlertController$AlertParams -> android.support.v7.app.b$a:
    android.content.Context mContext -> a
    android.view.LayoutInflater mInflater -> b
    int mIconId -> c
    android.graphics.drawable.Drawable mIcon -> d
    int mIconAttrId -> e
    java.lang.CharSequence mTitle -> f
    android.view.View mCustomTitleView -> g
    java.lang.CharSequence mMessage -> h
    java.lang.CharSequence mPositiveButtonText -> i
    android.content.DialogInterface$OnClickListener mPositiveButtonListener -> j
    java.lang.CharSequence mNegativeButtonText -> k
    android.content.DialogInterface$OnClickListener mNegativeButtonListener -> l
    java.lang.CharSequence mNeutralButtonText -> m
    android.content.DialogInterface$OnClickListener mNeutralButtonListener -> n
    boolean mCancelable -> o
    android.content.DialogInterface$OnCancelListener mOnCancelListener -> p
    android.content.DialogInterface$OnDismissListener mOnDismissListener -> q
    android.content.DialogInterface$OnKeyListener mOnKeyListener -> r
    java.lang.CharSequence[] mItems -> s
    android.widget.ListAdapter mAdapter -> t
    android.content.DialogInterface$OnClickListener mOnClickListener -> u
    int mViewLayoutResId -> v
    android.view.View mView -> w
    int mViewSpacingLeft -> x
    int mViewSpacingTop -> y
    int mViewSpacingRight -> z
    int mViewSpacingBottom -> A
    boolean mViewSpacingSpecified -> B
    boolean[] mCheckedItems -> C
    boolean mIsMultiChoice -> D
android.support.v7.app.AlertController$AlertParams$1 -> android.support.v7.app.h:
    android.widget.ListView val$listView -> a
    android.support.v7.app.AlertController$AlertParams this$0 -> b
    886:886:void <init>(android.support.v7.app.AlertController$AlertParams,android.content.Context,int,int,java.lang.CharSequence[],android.widget.ListView) -> <init>
    889:896:android.view.View getView(int,android.view.View,android.view.ViewGroup) -> getView