app/build/outputs/mapping/release/usage.txt
com.codegg.fba.ArcadeUtility:
    25:25:public ArcadeUtility()
com.codegg.fba.BuildConfig
com.codegg.fba.CompatibilityList:
    35:36:public void Add(com.codegg.fba.objects.RomInfo)
com.codegg.fba.R
com.codegg.fba.R$anim
com.codegg.fba.R$array
com.codegg.fba.R$attr
com.codegg.fba.R$bool
com.codegg.fba.R$color
com.codegg.fba.R$dimen
com.codegg.fba.R$drawable
com.codegg.fba.R$id
com.codegg.fba.R$integer
com.codegg.fba.R$layout
com.codegg.fba.R$menu
com.codegg.fba.R$raw
com.codegg.fba.R$string
com.codegg.fba.R$style
com.codegg.fba.R$styleable
com.codegg.fba.R$xml
com.codegg.fba.activity.romListActivity:
    219:240:public void dialogdownloadPreviews()
    243:262:private void downloadPreviews()
    30:30:static synthetic void access$100(com.codegg.fba.activity.romListActivity)
com.codegg.fba.activity.romListActivity$2
com.codegg.fba.activity.romListActivity$3
com.codegg.fba.activity.romListActivity$4
com.codegg.fba.effects.EffectList:
    public static final java.lang.String effect_none_name
    public static final int effect_scanlines100_drawable
    public static final java.lang.String effect_scanlines100_name
    public static final int effect_scanlines75_drawable
    public static final java.lang.String effect_scanlines75_name
    public static final int effect_scanlines50_drawable
    public static final java.lang.String effect_scanlines50_name
    public static final int effect_scanlines25_drawable
    public static final java.lang.String effect_scanlines25_name
    public static final int effect_crt1_25_drawable
    public static final java.lang.String effect_crt1_25_name
    public static final int effect_crt1_10_drawable
    public static final java.lang.String effect_crt1_10_name
    public static final int effect_crt2_25_drawable
    public static final java.lang.String effect_crt2_25_name
    public static final int effect_crt2_10_drawable
    public static final java.lang.String effect_crt2_10_name
    public static final int effect_twisty_drawable
    public static final java.lang.String effect_twisty_name
    74:74:public java.util.ArrayList getList()
com.codegg.fba.emulator.Licence
com.codegg.fba.emulator.Licence$1
com.codegg.fba.emulator.input.CustomDrawable:
    74:75:public void setVisibility(boolean)
    90:90:public android.graphics.drawable.BitmapDrawable getDrawable()
    163:164:public void reset(int)
com.codegg.fba.emulator.input.IButtons
com.codegg.fba.emulator.input.SoftwareButton
com.codegg.fba.emulator.input.SoftwareButtonList:
    58:65:public com.codegg.fba.emulator.input.CustomDrawable getButton(int)
    93:95:public void setVisibility(boolean)
com.codegg.fba.emulator.input.SoftwareInputView:
    private static final int INVALID_POINTER_ID
com.codegg.fba.emulator.input.SoftwareStick:
    43:45:public void setVisibility(boolean)
com.codegg.fba.emulator.utility.EmuPreferences:
    28:28:public android.content.SharedPreferences getSharedPreferences()
    33:33:public boolean licenceRead()
    38:40:public void setLicenceRead(boolean)
    101:101:public int getPad(java.lang.String)
com.codegg.fba.fragments.romDetailFragment:
    public static final java.lang.String ARG_FILE_PATH
com.codegg.fba.fragments.romListFragment:
    private static final java.lang.String STATE_ACTIVATED_POSITION
...
android.support.v7.app.AppCompatViewInflater:
    private static final java.lang.String LOG_TAG
android.support.v7.app.NavItemSelectedListener
android.support.v7.app.NotificationCompat
android.support.v7.app.NotificationCompat$1
android.support.v7.app.NotificationCompat$Builder
android.support.v7.app.NotificationCompat$IceCreamSandwichExtender
android.support.v7.app.NotificationCompat$JellybeanExtender
android.support.v7.app.NotificationCompat$LollipopExtender
android.support.v7.app.NotificationCompat$MediaStyle
android.support.v7.app.NotificationCompatImpl21
android.support.v7.app.NotificationCompatImplBase
android.support.v7.app.ToolbarActionBar:
    private boolean mToolbarMenuPrepared
    private android.support.v7.view.menu.ListMenuPresenter mListMenuPresenter
    private final android.support.v7.widget.Toolbar$OnMenuItemClickListener mMenuClicker
    54:79:public ToolbarActionBar(android.support.v7.widget.Toolbar,java.lang.CharSequence,android.view.Window$Callback)
    82:82:public android.view.Window$Callback getWrappedWindowCallback()
    87:88:public void setCustomView(android.view.View)
    92:96:public void setCustomView(android.view.View,android.support.v7.app.ActionBar$LayoutParams)
    100:102:public void setCustomView(int)
    106:107:public void setIcon(int)
    111:112:public void setIcon(android.graphics.drawable.Drawable)
    116:117:public void setLogo(int)
    121:122:public void setLogo(android.graphics.drawable.Drawable)
    127:127:public void setStackedBackgroundDrawable(android.graphics.drawable.Drawable)
    132:132:public void setSplitBackgroundDrawable(android.graphics.drawable.Drawable)
    146:146:public float getElevation()
    156:156:public boolean isTitleTruncated()
    161:162:public void setHomeAsUpIndicator(android.graphics.drawable.Drawable)
    166:167:public void setHomeAsUpIndicator(int)
    171:172:public void setHomeActionContentDescription(java.lang.CharSequence)
    181:182:public void setHomeActionContentDescription(int)
android.support.v7.app.ToolbarActionBar$1:
    58:58:ToolbarActionBar$1(android.support.v7.app.ToolbarActionBar)
android.support.v7.app.ToolbarActionBar$2
android.support.v7.app.ToolbarActionBar$PanelMenuPresenterCallback
android.support.v7.app.ToolbarActionBar$ToolbarCallbackWrapper
android.support.v7.app.TwilightCalculator:
    public static final int DAY
    public static final int NIGHT
    private static final float DEGREES_TO_RADIANS
    private static final float J0
    private static final float ALTIDUTE_CORRECTION_CIVIL_TWILIGHT
    private static final float C1
    private static final float C2
    private static final float C3
    private static final float OBLIQUITY
    private static final long UTC_2000
android.support.v7.app.TwilightManager:
    private static final java.lang.String TAG
    private static final int SUNRISE
    private static final int SUNSET